This file contains any messages produced by compilers while
running configure, to aid debugging if configure makes a mistake.

It was created by url_parser configure 1.0, which was
generated by GNU Autoconf 2.69.  Invocation command line was

  $ ./configure --no-create --no-recursion

## --------- ##
## Platform. ##
## --------- ##

hostname = xdgentoo
uname -m = x86_64
uname -r = 3.6.11-gentoo
uname -s = Linux
uname -v = #8 SMP Fri Feb 22 08:36:49 CST 2013

/usr/bin/uname -p = Intel(R) Core(TM) i5-2430M CPU @ 2.40GHz
/bin/uname -X     = unknown

/bin/arch              = unknown
/usr/bin/arch -k       = unknown
/usr/convex/getsysinfo = unknown
/usr/bin/hostinfo      = unknown
/bin/machine           = unknown
/usr/bin/oslevel       = unknown
/bin/universe          = unknown

PATH: /usr/local/bin
PATH: /usr/bin
PATH: /bin
PATH: /opt/bin
PATH: /usr/x86_64-pc-linux-gnu/gcc-bin/4.6.3


## ----------- ##
## Core tests. ##
## ----------- ##

configure:2233: checking for a BSD-compatible install
configure:2301: result: /usr/bin/install -c
configure:2312: checking whether build environment is sane
configure:2362: result: yes
configure:2503: checking for a thread-safe mkdir -p
configure:2542: result: /bin/mkdir -p
configure:2555: checking for gawk
configure:2571: found /usr/bin/gawk
configure:2582: result: gawk
configure:2593: checking whether make sets $(MAKE)
configure:2615: result: yes
configure:2748: checking for gcc
configure:2764: found /usr/bin/gcc
configure:2775: result: gcc
configure:3004: checking for C compiler version
configure:3013: gcc --version >&5
gcc (Gentoo 4.6.3 p1.11, pie-0.5.2) 4.6.3
Copyright (C) 2011 Free Software Foundation, Inc.
This is free software; see the source for copying conditions.  There is NO
warranty; not even for MERCHANTABILITY or FITNESS FOR A PARTICULAR PURPOSE.

configure:3024: $? = 0
configure:3013: gcc -v >&5
Using built-in specs.
COLLECT_GCC=/usr/x86_64-pc-linux-gnu/gcc-bin/4.6.3/gcc
COLLECT_LTO_WRAPPER=/usr/libexec/gcc/x86_64-pc-linux-gnu/4.6.3/lto-wrapper
Target: x86_64-pc-linux-gnu
Configured with: /var/tmp/portage/sys-devel/gcc-4.6.3/work/gcc-4.6.3/configure --prefix=/usr --bindir=/usr/x86_64-pc-linux-gnu/gcc-bin/4.6.3 --includedir=/usr/lib/gcc/x86_64-pc-linux-gnu/4.6.3/include --datadir=/usr/share/gcc-data/x86_64-pc-linux-gnu/4.6.3 --mandir=/usr/share/gcc-data/x86_64-pc-linux-gnu/4.6.3/man --infodir=/usr/share/gcc-data/x86_64-pc-linux-gnu/4.6.3/info --with-gxx-include-dir=/usr/lib/gcc/x86_64-pc-linux-gnu/4.6.3/include/g++-v4 --host=x86_64-pc-linux-gnu --build=x86_64-pc-linux-gnu --disable-altivec --disable-fixed-point --without-ppl --without-cloog --enable-lto --enable-nls --without-included-gettext --with-system-zlib --enable-obsolete --disable-werror --enable-secureplt --enable-multilib --enable-libmudflap --disable-libssp --enable-libgomp --with-python-dir=/share/gcc-data/x86_64-pc-linux-gnu/4.6.3/python --enable-checking=release --disable-libgcj --enable-libstdcxx-time --enable-languages=c,c++,fortran --enable-shared --enable-threads=posix --enable-__cxa_atexit --enable-clocale=gnu --enable-targets=all --with-bugurl=http://bugs.gentoo.org/ --with-pkgversion='Gentoo 4.6.3 p1.11, pie-0.5.2'
Thread model: posix
gcc version 4.6.3 (Gentoo 4.6.3 p1.11, pie-0.5.2) 
configure:3024: $? = 0
configure:3013: gcc -V >&5
gcc: error: unrecognized option '-V'
gcc: fatal error: no input files
compilation terminated.
configure:3024: $? = 1
configure:3013: gcc -qversion >&5
gcc: error: unrecognized option '-qversion'
gcc: fatal error: no input files
compilation terminated.
configure:3024: $? = 1
configure:3044: checking whether the C compiler works
configure:3066: gcc    conftest.c  >&5
configure:3070: $? = 0
configure:3118: result: yes
configure:3121: checking for C compiler default output file name
configure:3123: result: a.out
configure:3129: checking for suffix of executables
configure:3136: gcc -o conftest    conftest.c  >&5
configure:3140: $? = 0
configure:3162: result: 
configure:3184: checking whether we are cross compiling
configure:3192: gcc -o conftest    conftest.c  >&5
configure:3196: $? = 0
configure:3203: ./conftest
configure:3207: $? = 0
configure:3222: result: no
configure:3227: checking for suffix of object files
configure:3249: gcc -c   conftest.c >&5
configure:3253: $? = 0
configure:3274: result: o
configure:3278: checking whether we are using the GNU C compiler
configure:3297: gcc -c   conftest.c >&5
configure:3297: $? = 0
configure:3306: result: yes
configure:3315: checking whether gcc accepts -g
configure:3335: gcc -c -g  conftest.c >&5
configure:3335: $? = 0
configure:3376: result: yes
configure:3393: checking for gcc option to accept ISO C89
configure:3456: gcc  -c -g -O2  conftest.c >&5
configure:3456: $? = 0
configure:3469: result: none needed
configure:3500: checking for style of include used by make
configure:3528: result: GNU
configure:3554: checking dependency style of gcc
configure:3665: result: gcc3
configure:3684: checking for pthread_create in -lpthread
configure:3709: gcc -o conftest -g -O2   conftest.c -lpthread   >&5
configure:3709: $? = 0
configure:3718: result: yes
configure:3736: checking how to run the C preprocessor
configure:3767: gcc -E  conftest.c
configure:3767: $? = 0
configure:3781: gcc -E  conftest.c
conftest.c:12:28: fatal error: ac_nonexistent.h: No such file or directory
compilation terminated.
configure:3781: $? = 1
configure: failed program was:
| /* confdefs.h */
| #define PACKAGE_NAME "url_parser"
| #define PACKAGE_TARNAME "url_parser"
| #define PACKAGE_VERSION "1.0"
| #define PACKAGE_STRING "url_parser 1.0"
| #define PACKAGE_BUGREPORT "xdsecret1@gmail.com"
| #define PACKAGE_URL ""
| #define PACKAGE "url_parser"
| #define VERSION "1.0"
| #define HAVE_LIBPTHREAD 1
| /* end confdefs.h.  */
| #include <ac_nonexistent.h>
configure:3806: result: gcc -E
configure:3826: gcc -E  conftest.c
configure:3826: $? = 0
configure:3840: gcc -E  conftest.c
conftest.c:12:28: fatal error: ac_nonexistent.h: No such file or directory
compilation terminated.
configure:3840: $? = 1
configure: failed program was:
| /* confdefs.h */
| #define PACKAGE_NAME "url_parser"
| #define PACKAGE_TARNAME "url_parser"
| #define PACKAGE_VERSION "1.0"
| #define PACKAGE_STRING "url_parser 1.0"
| #define PACKAGE_BUGREPORT "xdsecret1@gmail.com"
| #define PACKAGE_URL ""
| #define PACKAGE "url_parser"
| #define VERSION "1.0"
| #define HAVE_LIBPTHREAD 1
| /* end confdefs.h.  */
| #include <ac_nonexistent.h>
configure:3869: checking for grep that handles long lines and -e
configure:3927: result: /bin/grep
configure:3932: checking for egrep
configure:3994: result: /bin/grep -E
configure:3999: checking for ANSI C header files
configure:4019: gcc -c -g -O2  conftest.c >&5
configure:4019: $? = 0
configure:4092: gcc -o conftest -g -O2   conftest.c -lpthread  >&5
configure:4092: $? = 0
configure:4092: ./conftest
configure:4092: $? = 0
configure:4103: result: yes
configure:4116: checking for sys/types.h
configure:4116: gcc -c -g -O2  conftest.c >&5
configure:4116: $? = 0
configure:4116: result: yes
configure:4116: checking for sys/stat.h
configure:4116: gcc -c -g -O2  conftest.c >&5
configure:4116: $? = 0
configure:4116: result: yes
configure:4116: checking for stdlib.h
configure:4116: gcc -c -g -O2  conftest.c >&5
configure:4116: $? = 0
configure:4116: result: yes
configure:4116: checking for string.h
configure:4116: gcc -c -g -O2  conftest.c >&5
configure:4116: $? = 0
configure:4116: result: yes
configure:4116: checking for memory.h
configure:4116: gcc -c -g -O2  conftest.c >&5
configure:4116: $? = 0
configure:4116: result: yes
configure:4116: checking for strings.h
configure:4116: gcc -c -g -O2  conftest.c >&5
configure:4116: $? = 0
configure:4116: result: yes
configure:4116: checking for inttypes.h
configure:4116: gcc -c -g -O2  conftest.c >&5
configure:4116: $? = 0
configure:4116: result: yes
configure:4116: checking for stdint.h
configure:4116: gcc -c -g -O2  conftest.c >&5
configure:4116: $? = 0
configure:4116: result: yes
configure:4116: checking for unistd.h
configure:4116: gcc -c -g -O2  conftest.c >&5
configure:4116: $? = 0
configure:4116: result: yes
configure:4131: checking arpa/inet.h usability
configure:4131: gcc -c -g -O2  conftest.c >&5
configure:4131: $? = 0
configure:4131: result: yes
configure:4131: checking arpa/inet.h presence
configure:4131: gcc -E  conftest.c
configure:4131: $? = 0
configure:4131: result: yes
configure:4131: checking for arpa/inet.h
configure:4131: result: yes
configure:4131: checking fcntl.h usability
configure:4131: gcc -c -g -O2  conftest.c >&5
configure:4131: $? = 0
configure:4131: result: yes
configure:4131: checking fcntl.h presence
configure:4131: gcc -E  conftest.c
configure:4131: $? = 0
configure:4131: result: yes
configure:4131: checking for fcntl.h
configure:4131: result: yes
configure:4131: checking limits.h usability
configure:4131: gcc -c -g -O2  conftest.c >&5
configure:4131: $? = 0
configure:4131: result: yes
configure:4131: checking limits.h presence
configure:4131: gcc -E  conftest.c
configure:4131: $? = 0
configure:4131: result: yes
configure:4131: checking for limits.h
configure:4131: result: yes
configure:4131: checking netinet/in.h usability
configure:4131: gcc -c -g -O2  conftest.c >&5
configure:4131: $? = 0
configure:4131: result: yes
configure:4131: checking netinet/in.h presence
configure:4131: gcc -E  conftest.c
configure:4131: $? = 0
configure:4131: result: yes
configure:4131: checking for netinet/in.h
configure:4131: result: yes
configure:4131: checking for stdint.h
configure:4131: result: yes
configure:4131: checking for stdlib.h
configure:4131: result: yes
configure:4131: checking for string.h
configure:4131: result: yes
configure:4131: checking for strings.h
configure:4131: result: yes
configure:4131: checking sys/socket.h usability
configure:4131: gcc -c -g -O2  conftest.c >&5
configure:4131: $? = 0
configure:4131: result: yes
configure:4131: checking sys/socket.h presence
configure:4131: gcc -E  conftest.c
configure:4131: $? = 0
configure:4131: result: yes
configure:4131: checking for sys/socket.h
configure:4131: result: yes
configure:4131: checking sys/time.h usability
configure:4131: gcc -c -g -O2  conftest.c >&5
configure:4131: $? = 0
configure:4131: result: yes
configure:4131: checking sys/time.h presence
configure:4131: gcc -E  conftest.c
configure:4131: $? = 0
configure:4131: result: yes
configure:4131: checking for sys/time.h
configure:4131: result: yes
configure:4131: checking for unistd.h
configure:4131: result: yes
configure:4143: checking for uid_t in sys/types.h
configure:4162: result: yes
configure:4173: checking for off_t
configure:4173: gcc -c -g -O2  conftest.c >&5
configure:4173: $? = 0
configure:4173: gcc -c -g -O2  conftest.c >&5
conftest.c: In function 'main':
conftest.c:69:20: error: expected expression before ')' token
configure:4173: $? = 1
configure: failed program was:
| /* confdefs.h */
| #define PACKAGE_NAME "url_parser"
| #define PACKAGE_TARNAME "url_parser"
| #define PACKAGE_VERSION "1.0"
| #define PACKAGE_STRING "url_parser 1.0"
| #define PACKAGE_BUGREPORT "xdsecret1@gmail.com"
| #define PACKAGE_URL ""
| #define PACKAGE "url_parser"
| #define VERSION "1.0"
| #define HAVE_LIBPTHREAD 1
| #define STDC_HEADERS 1
| #define HAVE_SYS_TYPES_H 1
| #define HAVE_SYS_STAT_H 1
| #define HAVE_STDLIB_H 1
| #define HAVE_STRING_H 1
| #define HAVE_MEMORY_H 1
| #define HAVE_STRINGS_H 1
| #define HAVE_INTTYPES_H 1
| #define HAVE_STDINT_H 1
| #define HAVE_UNISTD_H 1
| #define HAVE_ARPA_INET_H 1
| #define HAVE_FCNTL_H 1
| #define HAVE_LIMITS_H 1
| #define HAVE_NETINET_IN_H 1
| #define HAVE_STDINT_H 1
| #define HAVE_STDLIB_H 1
| #define HAVE_STRING_H 1
| #define HAVE_STRINGS_H 1
| #define HAVE_SYS_SOCKET_H 1
| #define HAVE_SYS_TIME_H 1
| #define HAVE_UNISTD_H 1
| /* end confdefs.h.  */
| #include <stdio.h>
| #ifdef HAVE_SYS_TYPES_H
| # include <sys/types.h>
| #endif
| #ifdef HAVE_SYS_STAT_H
| # include <sys/stat.h>
| #endif
| #ifdef STDC_HEADERS
| # include <stdlib.h>
| # include <stddef.h>
| #else
| # ifdef HAVE_STDLIB_H
| #  include <stdlib.h>
| # endif
| #endif
| #ifdef HAVE_STRING_H
| # if !defined STDC_HEADERS && defined HAVE_MEMORY_H
| #  include <memory.h>
| # endif
| # include <string.h>
| #endif
| #ifdef HAVE_STRINGS_H
| # include <strings.h>
| #endif
| #ifdef HAVE_INTTYPES_H
| # include <inttypes.h>
| #endif
| #ifdef HAVE_STDINT_H
| # include <stdint.h>
| #endif
| #ifdef HAVE_UNISTD_H
| # include <unistd.h>
| #endif
| int
| main ()
| {
| if (sizeof ((off_t)))
| 	    return 0;
|   ;
|   return 0;
| }
configure:4173: result: yes
configure:4184: checking for pid_t
configure:4184: gcc -c -g -O2  conftest.c >&5
configure:4184: $? = 0
configure:4184: gcc -c -g -O2  conftest.c >&5
conftest.c: In function 'main':
conftest.c:69:20: error: expected expression before ')' token
configure:4184: $? = 1
configure: failed program was:
| /* confdefs.h */
| #define PACKAGE_NAME "url_parser"
| #define PACKAGE_TARNAME "url_parser"
| #define PACKAGE_VERSION "1.0"
| #define PACKAGE_STRING "url_parser 1.0"
| #define PACKAGE_BUGREPORT "xdsecret1@gmail.com"
| #define PACKAGE_URL ""
| #define PACKAGE "url_parser"
| #define VERSION "1.0"
| #define HAVE_LIBPTHREAD 1
| #define STDC_HEADERS 1
| #define HAVE_SYS_TYPES_H 1
| #define HAVE_SYS_STAT_H 1
| #define HAVE_STDLIB_H 1
| #define HAVE_STRING_H 1
| #define HAVE_MEMORY_H 1
| #define HAVE_STRINGS_H 1
| #define HAVE_INTTYPES_H 1
| #define HAVE_STDINT_H 1
| #define HAVE_UNISTD_H 1
| #define HAVE_ARPA_INET_H 1
| #define HAVE_FCNTL_H 1
| #define HAVE_LIMITS_H 1
| #define HAVE_NETINET_IN_H 1
| #define HAVE_STDINT_H 1
| #define HAVE_STDLIB_H 1
| #define HAVE_STRING_H 1
| #define HAVE_STRINGS_H 1
| #define HAVE_SYS_SOCKET_H 1
| #define HAVE_SYS_TIME_H 1
| #define HAVE_UNISTD_H 1
| /* end confdefs.h.  */
| #include <stdio.h>
| #ifdef HAVE_SYS_TYPES_H
| # include <sys/types.h>
| #endif
| #ifdef HAVE_SYS_STAT_H
| # include <sys/stat.h>
| #endif
| #ifdef STDC_HEADERS
| # include <stdlib.h>
| # include <stddef.h>
| #else
| # ifdef HAVE_STDLIB_H
| #  include <stdlib.h>
| # endif
| #endif
| #ifdef HAVE_STRING_H
| # if !defined STDC_HEADERS && defined HAVE_MEMORY_H
| #  include <memory.h>
| # endif
| # include <string.h>
| #endif
| #ifdef HAVE_STRINGS_H
| # include <strings.h>
| #endif
| #ifdef HAVE_INTTYPES_H
| # include <inttypes.h>
| #endif
| #ifdef HAVE_STDINT_H
| # include <stdint.h>
| #endif
| #ifdef HAVE_UNISTD_H
| # include <unistd.h>
| #endif
| int
| main ()
| {
| if (sizeof ((pid_t)))
| 	    return 0;
|   ;
|   return 0;
| }
configure:4184: result: yes
configure:4195: checking for size_t
configure:4195: gcc -c -g -O2  conftest.c >&5
configure:4195: $? = 0
configure:4195: gcc -c -g -O2  conftest.c >&5
conftest.c: In function 'main':
conftest.c:69:21: error: expected expression before ')' token
configure:4195: $? = 1
configure: failed program was:
| /* confdefs.h */
| #define PACKAGE_NAME "url_parser"
| #define PACKAGE_TARNAME "url_parser"
| #define PACKAGE_VERSION "1.0"
| #define PACKAGE_STRING "url_parser 1.0"
| #define PACKAGE_BUGREPORT "xdsecret1@gmail.com"
| #define PACKAGE_URL ""
| #define PACKAGE "url_parser"
| #define VERSION "1.0"
| #define HAVE_LIBPTHREAD 1
| #define STDC_HEADERS 1
| #define HAVE_SYS_TYPES_H 1
| #define HAVE_SYS_STAT_H 1
| #define HAVE_STDLIB_H 1
| #define HAVE_STRING_H 1
| #define HAVE_MEMORY_H 1
| #define HAVE_STRINGS_H 1
| #define HAVE_INTTYPES_H 1
| #define HAVE_STDINT_H 1
| #define HAVE_UNISTD_H 1
| #define HAVE_ARPA_INET_H 1
| #define HAVE_FCNTL_H 1
| #define HAVE_LIMITS_H 1
| #define HAVE_NETINET_IN_H 1
| #define HAVE_STDINT_H 1
| #define HAVE_STDLIB_H 1
| #define HAVE_STRING_H 1
| #define HAVE_STRINGS_H 1
| #define HAVE_SYS_SOCKET_H 1
| #define HAVE_SYS_TIME_H 1
| #define HAVE_UNISTD_H 1
| /* end confdefs.h.  */
| #include <stdio.h>
| #ifdef HAVE_SYS_TYPES_H
| # include <sys/types.h>
| #endif
| #ifdef HAVE_SYS_STAT_H
| # include <sys/stat.h>
| #endif
| #ifdef STDC_HEADERS
| # include <stdlib.h>
| # include <stddef.h>
| #else
| # ifdef HAVE_STDLIB_H
| #  include <stdlib.h>
| # endif
| #endif
| #ifdef HAVE_STRING_H
| # if !defined STDC_HEADERS && defined HAVE_MEMORY_H
| #  include <memory.h>
| # endif
| # include <string.h>
| #endif
| #ifdef HAVE_STRINGS_H
| # include <strings.h>
| #endif
| #ifdef HAVE_INTTYPES_H
| # include <inttypes.h>
| #endif
| #ifdef HAVE_STDINT_H
| # include <stdint.h>
| #endif
| #ifdef HAVE_UNISTD_H
| # include <unistd.h>
| #endif
| int
| main ()
| {
| if (sizeof ((size_t)))
| 	    return 0;
|   ;
|   return 0;
| }
configure:4195: result: yes
configure:4206: checking for ssize_t
configure:4206: gcc -c -g -O2  conftest.c >&5
configure:4206: $? = 0
configure:4206: gcc -c -g -O2  conftest.c >&5
conftest.c: In function 'main':
conftest.c:69:22: error: expected expression before ')' token
configure:4206: $? = 1
configure: failed program was:
| /* confdefs.h */
| #define PACKAGE_NAME "url_parser"
| #define PACKAGE_TARNAME "url_parser"
| #define PACKAGE_VERSION "1.0"
| #define PACKAGE_STRING "url_parser 1.0"
| #define PACKAGE_BUGREPORT "xdsecret1@gmail.com"
| #define PACKAGE_URL ""
| #define PACKAGE "url_parser"
| #define VERSION "1.0"
| #define HAVE_LIBPTHREAD 1
| #define STDC_HEADERS 1
| #define HAVE_SYS_TYPES_H 1
| #define HAVE_SYS_STAT_H 1
| #define HAVE_STDLIB_H 1
| #define HAVE_STRING_H 1
| #define HAVE_MEMORY_H 1
| #define HAVE_STRINGS_H 1
| #define HAVE_INTTYPES_H 1
| #define HAVE_STDINT_H 1
| #define HAVE_UNISTD_H 1
| #define HAVE_ARPA_INET_H 1
| #define HAVE_FCNTL_H 1
| #define HAVE_LIMITS_H 1
| #define HAVE_NETINET_IN_H 1
| #define HAVE_STDINT_H 1
| #define HAVE_STDLIB_H 1
| #define HAVE_STRING_H 1
| #define HAVE_STRINGS_H 1
| #define HAVE_SYS_SOCKET_H 1
| #define HAVE_SYS_TIME_H 1
| #define HAVE_UNISTD_H 1
| /* end confdefs.h.  */
| #include <stdio.h>
| #ifdef HAVE_SYS_TYPES_H
| # include <sys/types.h>
| #endif
| #ifdef HAVE_SYS_STAT_H
| # include <sys/stat.h>
| #endif
| #ifdef STDC_HEADERS
| # include <stdlib.h>
| # include <stddef.h>
| #else
| # ifdef HAVE_STDLIB_H
| #  include <stdlib.h>
| # endif
| #endif
| #ifdef HAVE_STRING_H
| # if !defined STDC_HEADERS && defined HAVE_MEMORY_H
| #  include <memory.h>
| # endif
| # include <string.h>
| #endif
| #ifdef HAVE_STRINGS_H
| # include <strings.h>
| #endif
| #ifdef HAVE_INTTYPES_H
| # include <inttypes.h>
| #endif
| #ifdef HAVE_STDINT_H
| # include <stdint.h>
| #endif
| #ifdef HAVE_UNISTD_H
| # include <unistd.h>
| #endif
| int
| main ()
| {
| if (sizeof ((ssize_t)))
| 	    return 0;
|   ;
|   return 0;
| }
configure:4206: result: yes
configure:4222: checking for memchr
configure:4222: gcc -o conftest -g -O2   conftest.c -lpthread  >&5
conftest.c:56:6: warning: conflicting types for built-in function 'memchr' [enabled by default]
configure:4222: $? = 0
configure:4222: result: yes
configure:4222: checking for strcasecmp
configure:4222: gcc -o conftest -g -O2   conftest.c -lpthread  >&5
conftest.c:57:6: warning: conflicting types for built-in function 'strcasecmp' [enabled by default]
configure:4222: $? = 0
configure:4222: result: yes
configure:4222: checking for strncasecmp
configure:4222: gcc -o conftest -g -O2   conftest.c -lpthread  >&5
conftest.c:58:6: warning: conflicting types for built-in function 'strncasecmp' [enabled by default]
configure:4222: $? = 0
configure:4222: result: yes
configure:4364: creating ./config.status

## ---------------- ##
## Cache variables. ##
## ---------------- ##

ac_cv_c_compiler_gnu=yes
ac_cv_env_CC_set=
ac_cv_env_CC_value=
ac_cv_env_CFLAGS_set=
ac_cv_env_CFLAGS_value=
ac_cv_env_CPPFLAGS_set=
ac_cv_env_CPPFLAGS_value=
ac_cv_env_CPP_set=
ac_cv_env_CPP_value=
ac_cv_env_LDFLAGS_set=
ac_cv_env_LDFLAGS_value=
ac_cv_env_LIBS_set=
ac_cv_env_LIBS_value=
ac_cv_env_build_alias_set=
ac_cv_env_build_alias_value=
ac_cv_env_host_alias_set=
ac_cv_env_host_alias_value=
ac_cv_env_target_alias_set=
ac_cv_env_target_alias_value=
ac_cv_func_memchr=yes
ac_cv_func_strcasecmp=yes
ac_cv_func_strncasecmp=yes
ac_cv_header_arpa_inet_h=yes
ac_cv_header_fcntl_h=yes
ac_cv_header_inttypes_h=yes
ac_cv_header_limits_h=yes
ac_cv_header_memory_h=yes
ac_cv_header_netinet_in_h=yes
ac_cv_header_stdc=yes
ac_cv_header_stdint_h=yes
ac_cv_header_stdlib_h=yes
ac_cv_header_string_h=yes
ac_cv_header_strings_h=yes
ac_cv_header_sys_socket_h=yes
ac_cv_header_sys_stat_h=yes
ac_cv_header_sys_time_h=yes
ac_cv_header_sys_types_h=yes
ac_cv_header_unistd_h=yes
ac_cv_lib_pthread_pthread_create=yes
ac_cv_objext=o
ac_cv_path_EGREP='/bin/grep -E'
ac_cv_path_GREP=/bin/grep
ac_cv_path_install='/usr/bin/install -c'
ac_cv_path_mkdir=/bin/mkdir
ac_cv_prog_AWK=gawk
ac_cv_prog_CPP='gcc -E'
ac_cv_prog_ac_ct_CC=gcc
ac_cv_prog_cc_c89=
ac_cv_prog_cc_g=yes
ac_cv_prog_make_make_set=yes
ac_cv_type_off_t=yes
ac_cv_type_pid_t=yes
ac_cv_type_size_t=yes
ac_cv_type_ssize_t=yes
ac_cv_type_uid_t=yes
am_cv_CC_dependencies_compiler_type=gcc3

## ----------------- ##
## Output variables. ##
## ----------------- ##

ACLOCAL='${SHELL} /home/xudong/mygit/tools_for_linux_c/src/url_parser/missing --run aclocal-1.11'
AMDEPBACKSLASH='\'
AMDEP_FALSE='#'
AMDEP_TRUE=''
AMTAR='$${TAR-tar}'
AUTOCONF='${SHELL} /home/xudong/mygit/tools_for_linux_c/src/url_parser/missing --run autoconf'
AUTOHEADER='${SHELL} /home/xudong/mygit/tools_for_linux_c/src/url_parser/missing --run autoheader'
AUTOMAKE='${SHELL} /home/xudong/mygit/tools_for_linux_c/src/url_parser/missing --run automake-1.11'
AWK='gawk'
CC='gcc'
CCDEPMODE='depmode=gcc3'
CFLAGS='-g -O2'
CPP='gcc -E'
CPPFLAGS=''
CYGPATH_W='echo'
DEFS='-DHAVE_CONFIG_H'
DEPDIR='.deps'
ECHO_C=''
ECHO_N='-n'
ECHO_T=''
EGREP='/bin/grep -E'
EXEEXT=''
GREP='/bin/grep'
INSTALL_DATA='${INSTALL} -m 644'
INSTALL_PROGRAM='${INSTALL}'
INSTALL_SCRIPT='${INSTALL}'
INSTALL_STRIP_PROGRAM='$(install_sh) -c -s'
LDFLAGS=''
LIBOBJS=''
LIBS='-lpthread '
LTLIBOBJS=''
MAKEINFO='${SHELL} /home/xudong/mygit/tools_for_linux_c/src/url_parser/missing --run makeinfo'
MKDIR_P='/bin/mkdir -p'
OBJEXT='o'
PACKAGE='url_parser'
PACKAGE_BUGREPORT='xdsecret1@gmail.com'
PACKAGE_NAME='url_parser'
PACKAGE_STRING='url_parser 1.0'
PACKAGE_TARNAME='url_parser'
PACKAGE_URL=''
PACKAGE_VERSION='1.0'
PATH_SEPARATOR=':'
SET_MAKE=''
SHELL='/bin/sh'
STRIP=''
VERSION='1.0'
ac_ct_CC='gcc'
am__EXEEXT_FALSE=''
am__EXEEXT_TRUE='#'
am__fastdepCC_FALSE='#'
am__fastdepCC_TRUE=''
am__include='include'
am__isrc=''
am__leading_dot='.'
am__nodep='_no'
am__quote=''
am__tar='$${TAR-tar} chof - "$$tardir"'
am__untar='$${TAR-tar} xf -'
bindir='${exec_prefix}/bin'
build_alias=''
datadir='${datarootdir}'
datarootdir='${prefix}/share'
docdir='${datarootdir}/doc/${PACKAGE_TARNAME}'
dvidir='${docdir}'
exec_prefix='${prefix}'
host_alias=''
htmldir='${docdir}'
includedir='${prefix}/include'
infodir='${datarootdir}/info'
install_sh='${SHELL} /home/xudong/mygit/tools_for_linux_c/src/url_parser/install-sh'
libdir='${exec_prefix}/lib'
libexecdir='${exec_prefix}/libexec'
localedir='${datarootdir}/locale'
localstatedir='${prefix}/var'
mandir='${datarootdir}/man'
mkdir_p='/bin/mkdir -p'
oldincludedir='/usr/include'
pdfdir='${docdir}'
prefix='/usr/local'
program_transform_name='s,x,x,'
psdir='${docdir}'
sbindir='${exec_prefix}/sbin'
sharedstatedir='${prefix}/com'
sysconfdir='${prefix}/etc'
target_alias=''

## ----------- ##
## confdefs.h. ##
## ----------- ##

/* confdefs.h */
#define PACKAGE_NAME "url_parser"
#define PACKAGE_TARNAME "url_parser"
#define PACKAGE_VERSION "1.0"
#define PACKAGE_STRING "url_parser 1.0"
#define PACKAGE_BUGREPORT "xdsecret1@gmail.com"
#define PACKAGE_URL ""
#define PACKAGE "url_parser"
#define VERSION "1.0"
#define HAVE_LIBPTHREAD 1
#define STDC_HEADERS 1
#define HAVE_SYS_TYPES_H 1
#define HAVE_SYS_STAT_H 1
#define HAVE_STDLIB_H 1
#define HAVE_STRING_H 1
#define HAVE_MEMORY_H 1
#define HAVE_STRINGS_H 1
#define HAVE_INTTYPES_H 1
#define HAVE_STDINT_H 1
#define HAVE_UNISTD_H 1
#define HAVE_ARPA_INET_H 1
#define HAVE_FCNTL_H 1
#define HAVE_LIMITS_H 1
#define HAVE_NETINET_IN_H 1
#define HAVE_STDINT_H 1
#define HAVE_STDLIB_H 1
#define HAVE_STRING_H 1
#define HAVE_STRINGS_H 1
#define HAVE_SYS_SOCKET_H 1
#define HAVE_SYS_TIME_H 1
#define HAVE_UNISTD_H 1
#define HAVE_MEMCHR 1
#define HAVE_STRCASECMP 1
#define HAVE_STRNCASECMP 1

configure: exit 0

## ---------------------- ##
## Running config.status. ##
## ---------------------- ##

This file was extended by url_parser config.status 1.0, which was
generated by GNU Autoconf 2.69.  Invocation command line was

  CONFIG_FILES    = 
  CONFIG_HEADERS  = 
  CONFIG_LINKS    = 
  CONFIG_COMMANDS = 
  $ ./config.status 

on xdgentoo

config.status:863: creating Makefile
config.status:863: creating config.h
config.status:1092: executing depfiles commands
