This file contains any messages produced by compilers while
running configure, to aid debugging if configure makes a mistake.

It was created by timeflow configure 1.0, which was
generated by GNU Autoconf 2.69.  Invocation command line was

  $ ./configure 

## --------- ##
## Platform. ##
## --------- ##

hostname = xdgentoo
uname -m = x86_64
uname -r = 3.6.11-gentoo
uname -s = Linux
uname -v = #8 SMP Fri Feb 22 08:36:49 CST 2013

/usr/bin/uname -p = Intel(R) Core(TM) i5-2430M CPU @ 2.40GHz
/bin/uname -X     = unknown

/bin/arch              = unknown
/usr/bin/arch -k       = unknown
/usr/convex/getsysinfo = unknown
/usr/bin/hostinfo      = unknown
/bin/machine           = unknown
/usr/bin/oslevel       = unknown
/bin/universe          = unknown

PATH: /usr/local/bin
PATH: /usr/bin
PATH: /bin
PATH: /opt/bin
PATH: /usr/x86_64-pc-linux-gnu/gcc-bin/4.6.3


## ----------- ##
## Core tests. ##
## ----------- ##

configure:2066: checking for a BSD-compatible install
configure:2134: result: /usr/bin/install -c
configure:2145: checking whether build environment is sane
configure:2195: result: yes
configure:2336: checking for a thread-safe mkdir -p
configure:2375: result: /bin/mkdir -p
configure:2388: checking for gawk
configure:2404: found /usr/bin/gawk
configure:2415: result: gawk
configure:2426: checking whether make sets $(MAKE)
configure:2448: result: yes
configure:2581: checking for gcc
configure:2597: found /usr/bin/gcc
configure:2608: result: gcc
configure:2837: checking for C compiler version
configure:2846: gcc --version >&5
gcc (Gentoo 4.6.3 p1.11, pie-0.5.2) 4.6.3
Copyright (C) 2011 Free Software Foundation, Inc.
This is free software; see the source for copying conditions.  There is NO
warranty; not even for MERCHANTABILITY or FITNESS FOR A PARTICULAR PURPOSE.

configure:2857: $? = 0
configure:2846: gcc -v >&5
Using built-in specs.
COLLECT_GCC=/usr/x86_64-pc-linux-gnu/gcc-bin/4.6.3/gcc
COLLECT_LTO_WRAPPER=/usr/libexec/gcc/x86_64-pc-linux-gnu/4.6.3/lto-wrapper
Target: x86_64-pc-linux-gnu
Configured with: /var/tmp/portage/sys-devel/gcc-4.6.3/work/gcc-4.6.3/configure --prefix=/usr --bindir=/usr/x86_64-pc-linux-gnu/gcc-bin/4.6.3 --includedir=/usr/lib/gcc/x86_64-pc-linux-gnu/4.6.3/include --datadir=/usr/share/gcc-data/x86_64-pc-linux-gnu/4.6.3 --mandir=/usr/share/gcc-data/x86_64-pc-linux-gnu/4.6.3/man --infodir=/usr/share/gcc-data/x86_64-pc-linux-gnu/4.6.3/info --with-gxx-include-dir=/usr/lib/gcc/x86_64-pc-linux-gnu/4.6.3/include/g++-v4 --host=x86_64-pc-linux-gnu --build=x86_64-pc-linux-gnu --disable-altivec --disable-fixed-point --without-ppl --without-cloog --enable-lto --enable-nls --without-included-gettext --with-system-zlib --enable-obsolete --disable-werror --enable-secureplt --enable-multilib --enable-libmudflap --disable-libssp --enable-libgomp --with-python-dir=/share/gcc-data/x86_64-pc-linux-gnu/4.6.3/python --enable-checking=release --disable-libgcj --enable-libstdcxx-time --enable-languages=c,c++,fortran --enable-shared --enable-threads=posix --enable-__cxa_atexit --enable-clocale=gnu --enable-targets=all --with-bugurl=http://bugs.gentoo.org/ --with-pkgversion='Gentoo 4.6.3 p1.11, pie-0.5.2'
Thread model: posix
gcc version 4.6.3 (Gentoo 4.6.3 p1.11, pie-0.5.2) 
configure:2857: $? = 0
configure:2846: gcc -V >&5
gcc: error: unrecognized option '-V'
gcc: fatal error: no input files
compilation terminated.
configure:2857: $? = 1
configure:2846: gcc -qversion >&5
gcc: error: unrecognized option '-qversion'
gcc: fatal error: no input files
compilation terminated.
configure:2857: $? = 1
configure:2877: checking whether the C compiler works
configure:2899: gcc    conftest.c  >&5
configure:2903: $? = 0
configure:2951: result: yes
configure:2954: checking for C compiler default output file name
configure:2956: result: a.out
configure:2962: checking for suffix of executables
configure:2969: gcc -o conftest    conftest.c  >&5
configure:2973: $? = 0
configure:2995: result: 
configure:3017: checking whether we are cross compiling
configure:3025: gcc -o conftest    conftest.c  >&5
configure:3029: $? = 0
configure:3036: ./conftest
configure:3040: $? = 0
configure:3055: result: no
configure:3060: checking for suffix of object files
configure:3082: gcc -c   conftest.c >&5
configure:3086: $? = 0
configure:3107: result: o
configure:3111: checking whether we are using the GNU C compiler
configure:3130: gcc -c   conftest.c >&5
configure:3130: $? = 0
configure:3139: result: yes
configure:3148: checking whether gcc accepts -g
configure:3168: gcc -c -g  conftest.c >&5
configure:3168: $? = 0
configure:3209: result: yes
configure:3226: checking for gcc option to accept ISO C89
configure:3289: gcc  -c -g -O2  conftest.c >&5
configure:3289: $? = 0
configure:3302: result: none needed
configure:3333: checking for style of include used by make
configure:3361: result: GNU
configure:3387: checking dependency style of gcc
configure:3498: result: gcc3
configure:3523: checking how to run the C preprocessor
configure:3554: gcc -E  conftest.c
configure:3554: $? = 0
configure:3568: gcc -E  conftest.c
conftest.c:11:28: fatal error: ac_nonexistent.h: No such file or directory
compilation terminated.
configure:3568: $? = 1
configure: failed program was:
| /* confdefs.h */
| #define PACKAGE_NAME "timeflow"
| #define PACKAGE_TARNAME "timeflow"
| #define PACKAGE_VERSION "1.0"
| #define PACKAGE_STRING "timeflow 1.0"
| #define PACKAGE_BUGREPORT "xdsecret1@gmail.com"
| #define PACKAGE_URL ""
| #define PACKAGE "timeflow"
| #define VERSION "1.0"
| /* end confdefs.h.  */
| #include <ac_nonexistent.h>
configure:3593: result: gcc -E
configure:3613: gcc -E  conftest.c
configure:3613: $? = 0
configure:3627: gcc -E  conftest.c
conftest.c:11:28: fatal error: ac_nonexistent.h: No such file or directory
compilation terminated.
configure:3627: $? = 1
configure: failed program was:
| /* confdefs.h */
| #define PACKAGE_NAME "timeflow"
| #define PACKAGE_TARNAME "timeflow"
| #define PACKAGE_VERSION "1.0"
| #define PACKAGE_STRING "timeflow 1.0"
| #define PACKAGE_BUGREPORT "xdsecret1@gmail.com"
| #define PACKAGE_URL ""
| #define PACKAGE "timeflow"
| #define VERSION "1.0"
| /* end confdefs.h.  */
| #include <ac_nonexistent.h>
configure:3656: checking for grep that handles long lines and -e
configure:3714: result: /bin/grep
configure:3719: checking for egrep
configure:3781: result: /bin/grep -E
configure:3786: checking for ANSI C header files
configure:3806: gcc -c -g -O2  conftest.c >&5
configure:3806: $? = 0
configure:3879: gcc -o conftest -g -O2   conftest.c  >&5
configure:3879: $? = 0
configure:3879: ./conftest
configure:3879: $? = 0
configure:3890: result: yes
configure:3903: checking for sys/types.h
configure:3903: gcc -c -g -O2  conftest.c >&5
configure:3903: $? = 0
configure:3903: result: yes
configure:3903: checking for sys/stat.h
configure:3903: gcc -c -g -O2  conftest.c >&5
configure:3903: $? = 0
configure:3903: result: yes
configure:3903: checking for stdlib.h
configure:3903: gcc -c -g -O2  conftest.c >&5
configure:3903: $? = 0
configure:3903: result: yes
configure:3903: checking for string.h
configure:3903: gcc -c -g -O2  conftest.c >&5
configure:3903: $? = 0
configure:3903: result: yes
configure:3903: checking for memory.h
configure:3903: gcc -c -g -O2  conftest.c >&5
configure:3903: $? = 0
configure:3903: result: yes
configure:3903: checking for strings.h
configure:3903: gcc -c -g -O2  conftest.c >&5
configure:3903: $? = 0
configure:3903: result: yes
configure:3903: checking for inttypes.h
configure:3903: gcc -c -g -O2  conftest.c >&5
configure:3903: $? = 0
configure:3903: result: yes
configure:3903: checking for stdint.h
configure:3903: gcc -c -g -O2  conftest.c >&5
configure:3903: $? = 0
configure:3903: result: yes
configure:3903: checking for unistd.h
configure:3903: gcc -c -g -O2  conftest.c >&5
configure:3903: $? = 0
configure:3903: result: yes
configure:3917: checking for stdlib.h
configure:3917: result: yes
configure:4064: creating ./config.status

## ---------------------- ##
## Running config.status. ##
## ---------------------- ##

This file was extended by timeflow config.status 1.0, which was
generated by GNU Autoconf 2.69.  Invocation command line was

  CONFIG_FILES    = 
  CONFIG_HEADERS  = 
  CONFIG_LINKS    = 
  CONFIG_COMMANDS = 
  $ ./config.status 

on xdgentoo

config.status:849: creating Makefile
config.status:849: creating config.h
config.status:1078: executing depfiles commands

## ---------------- ##
## Cache variables. ##
## ---------------- ##

ac_cv_c_compiler_gnu=yes
ac_cv_env_CC_set=
ac_cv_env_CC_value=
ac_cv_env_CFLAGS_set=
ac_cv_env_CFLAGS_value=
ac_cv_env_CPPFLAGS_set=
ac_cv_env_CPPFLAGS_value=
ac_cv_env_CPP_set=
ac_cv_env_CPP_value=
ac_cv_env_LDFLAGS_set=
ac_cv_env_LDFLAGS_value=
ac_cv_env_LIBS_set=
ac_cv_env_LIBS_value=
ac_cv_env_build_alias_set=
ac_cv_env_build_alias_value=
ac_cv_env_host_alias_set=
ac_cv_env_host_alias_value=
ac_cv_env_target_alias_set=
ac_cv_env_target_alias_value=
ac_cv_header_inttypes_h=yes
ac_cv_header_memory_h=yes
ac_cv_header_stdc=yes
ac_cv_header_stdint_h=yes
ac_cv_header_stdlib_h=yes
ac_cv_header_string_h=yes
ac_cv_header_strings_h=yes
ac_cv_header_sys_stat_h=yes
ac_cv_header_sys_types_h=yes
ac_cv_header_unistd_h=yes
ac_cv_objext=o
ac_cv_path_EGREP='/bin/grep -E'
ac_cv_path_GREP=/bin/grep
ac_cv_path_install='/usr/bin/install -c'
ac_cv_path_mkdir=/bin/mkdir
ac_cv_prog_AWK=gawk
ac_cv_prog_CPP='gcc -E'
ac_cv_prog_ac_ct_CC=gcc
ac_cv_prog_cc_c89=
ac_cv_prog_cc_g=yes
ac_cv_prog_make_make_set=yes
am_cv_CC_dependencies_compiler_type=gcc3

## ----------------- ##
## Output variables. ##
## ----------------- ##

ACLOCAL='${SHELL} /home/xudong/mygit/tools_for_linux_c/src/time_record/missing --run aclocal-1.11'
AMDEPBACKSLASH='\'
AMDEP_FALSE='#'
AMDEP_TRUE=''
AMTAR='$${TAR-tar}'
AUTOCONF='${SHELL} /home/xudong/mygit/tools_for_linux_c/src/time_record/missing --run autoconf'
AUTOHEADER='${SHELL} /home/xudong/mygit/tools_for_linux_c/src/time_record/missing --run autoheader'
AUTOMAKE='${SHELL} /home/xudong/mygit/tools_for_linux_c/src/time_record/missing --run automake-1.11'
AWK='gawk'
CC='gcc'
CCDEPMODE='depmode=gcc3'
CFLAGS='-g -O2'
CPP='gcc -E'
CPPFLAGS=''
CYGPATH_W='echo'
DEFS='-DHAVE_CONFIG_H'
DEPDIR='.deps'
ECHO_C=''
ECHO_N='-n'
ECHO_T=''
EGREP='/bin/grep -E'
EXEEXT=''
GREP='/bin/grep'
INSTALL_DATA='${INSTALL} -m 644'
INSTALL_PROGRAM='${INSTALL}'
INSTALL_SCRIPT='${INSTALL}'
INSTALL_STRIP_PROGRAM='$(install_sh) -c -s'
LDFLAGS=''
LIBOBJS=''
LIBS=''
LTLIBOBJS=''
MAKEINFO='${SHELL} /home/xudong/mygit/tools_for_linux_c/src/time_record/missing --run makeinfo'
MKDIR_P='/bin/mkdir -p'
OBJEXT='o'
PACKAGE='timeflow'
PACKAGE_BUGREPORT='xdsecret1@gmail.com'
PACKAGE_NAME='timeflow'
PACKAGE_STRING='timeflow 1.0'
PACKAGE_TARNAME='timeflow'
PACKAGE_URL=''
PACKAGE_VERSION='1.0'
PATH_SEPARATOR=':'
SET_MAKE=''
SHELL='/bin/sh'
STRIP=''
VERSION='1.0'
ac_ct_CC='gcc'
am__EXEEXT_FALSE=''
am__EXEEXT_TRUE='#'
am__fastdepCC_FALSE='#'
am__fastdepCC_TRUE=''
am__include='include'
am__isrc=''
am__leading_dot='.'
am__nodep='_no'
am__quote=''
am__tar='$${TAR-tar} chof - "$$tardir"'
am__untar='$${TAR-tar} xf -'
bindir='${exec_prefix}/bin'
build_alias=''
datadir='${datarootdir}'
datarootdir='${prefix}/share'
docdir='${datarootdir}/doc/${PACKAGE_TARNAME}'
dvidir='${docdir}'
exec_prefix='${prefix}'
host_alias=''
htmldir='${docdir}'
includedir='${prefix}/include'
infodir='${datarootdir}/info'
install_sh='${SHELL} /home/xudong/mygit/tools_for_linux_c/src/time_record/install-sh'
libdir='${exec_prefix}/lib'
libexecdir='${exec_prefix}/libexec'
localedir='${datarootdir}/locale'
localstatedir='${prefix}/var'
mandir='${datarootdir}/man'
mkdir_p='/bin/mkdir -p'
oldincludedir='/usr/include'
pdfdir='${docdir}'
prefix='/usr/local'
program_transform_name='s,x,x,'
psdir='${docdir}'
sbindir='${exec_prefix}/sbin'
sharedstatedir='${prefix}/com'
sysconfdir='${prefix}/etc'
target_alias=''

## ----------- ##
## confdefs.h. ##
## ----------- ##

/* confdefs.h */
#define PACKAGE_NAME "timeflow"
#define PACKAGE_TARNAME "timeflow"
#define PACKAGE_VERSION "1.0"
#define PACKAGE_STRING "timeflow 1.0"
#define PACKAGE_BUGREPORT "xdsecret1@gmail.com"
#define PACKAGE_URL ""
#define PACKAGE "timeflow"
#define VERSION "1.0"
#define STDC_HEADERS 1
#define HAVE_SYS_TYPES_H 1
#define HAVE_SYS_STAT_H 1
#define HAVE_STDLIB_H 1
#define HAVE_STRING_H 1
#define HAVE_MEMORY_H 1
#define HAVE_STRINGS_H 1
#define HAVE_INTTYPES_H 1
#define HAVE_STDINT_H 1
#define HAVE_UNISTD_H 1
#define HAVE_STDLIB_H 1

configure: exit 0
